
> userex-ai-assistant@0.1.0 build
> next build

  ▲ Next.js 14.2.33
  - Environments: .env.local

   Creating an optimized production build ...
 ✓ Compiled successfully
   Linting and checking validity of types ...
   Collecting page data ...
   Generating static pages (0/84) ...
   Generating static pages (21/84) 
   Generating static pages (42/84) 
V [FirebaseError]: Firebase: No Firebase App '[DEFAULT]' has been created - call initializeApp() first (app/no-app).
    at Q (/Users/yasin.celenk/userex-ai/.next/server/chunks/4093.js:3:311775)
    at 20902 (/Users/yasin.celenk/userex-ai/.next/server/chunks/5392.js:1:25783)
    at t (/Users/yasin.celenk/userex-ai/.next/server/webpack-runtime.js:1:143)
    at 10732 (/Users/yasin.celenk/userex-ai/.next/server/chunks/5392.js:1:24837)
    at t (/Users/yasin.celenk/userex-ai/.next/server/webpack-runtime.js:1:143)
    at 15639 (/Users/yasin.celenk/userex-ai/.next/server/app/console/copywriter/page.js:1:3201)
    at Object.t [as require] (/Users/yasin.celenk/userex-ai/.next/server/webpack-runtime.js:1:143)
    at require (/Users/yasin.celenk/userex-ai/node_modules/next/dist/compiled/next-server/app-page.runtime.prod.js:16:18839)
    at i (/Users/yasin.celenk/userex-ai/node_modules/next/dist/compiled/next-server/app-page.runtime.prod.js:12:88296)
    at /Users/yasin.celenk/userex-ai/node_modules/next/dist/compiled/next-server/app-page.runtime.prod.js:12:98819 {
  code: 'app/no-app',
  customData: { appName: '[DEFAULT]' },
  digest: '362302133'
}

Error occurred prerendering page "/console/copywriter". Read more: https://nextjs.org/docs/messages/prerender-error

FirebaseError: Firebase: No Firebase App '[DEFAULT]' has been created - call initializeApp() first (app/no-app).
    at Q (/Users/yasin.celenk/userex-ai/.next/server/chunks/4093.js:3:311775)
    at 20902 (/Users/yasin.celenk/userex-ai/.next/server/chunks/5392.js:1:25783)
    at t (/Users/yasin.celenk/userex-ai/.next/server/webpack-runtime.js:1:143)
    at 10732 (/Users/yasin.celenk/userex-ai/.next/server/chunks/5392.js:1:24837)
    at t (/Users/yasin.celenk/userex-ai/.next/server/webpack-runtime.js:1:143)
    at 15639 (/Users/yasin.celenk/userex-ai/.next/server/app/console/copywriter/page.js:1:3201)
    at Object.t [as require] (/Users/yasin.celenk/userex-ai/.next/server/webpack-runtime.js:1:143)
    at require (/Users/yasin.celenk/userex-ai/node_modules/next/dist/compiled/next-server/app-page.runtime.prod.js:16:18839)
    at i (/Users/yasin.celenk/userex-ai/node_modules/next/dist/compiled/next-server/app-page.runtime.prod.js:12:88296)
    at /Users/yasin.celenk/userex-ai/node_modules/next/dist/compiled/next-server/app-page.runtime.prod.js:12:98819
V [FirebaseError]: Firebase: No Firebase App '[DEFAULT]' has been created - call initializeApp() first (app/no-app).
    at Q (/Users/yasin.celenk/userex-ai/.next/server/chunks/4093.js:3:311775)
    at 20902 (/Users/yasin.celenk/userex-ai/.next/server/chunks/5392.js:1:25783)
    at t (/Users/yasin.celenk/userex-ai/.next/server/webpack-runtime.js:1:143)
    at 96974 (/Users/yasin.celenk/userex-ai/.next/server/chunks/6974.js:1:864)
    at t (/Users/yasin.celenk/userex-ai/.next/server/webpack-runtime.js:1:143)
    at 76825 (/Users/yasin.celenk/userex-ai/.next/server/app/console/chatbot/chats/page.js:1:2918)
    at Object.t [as require] (/Users/yasin.celenk/userex-ai/.next/server/webpack-runtime.js:1:143)
    at require (/Users/yasin.celenk/userex-ai/node_modules/next/dist/compiled/next-server/app-page.runtime.prod.js:16:18839)
    at i (/Users/yasin.celenk/userex-ai/node_modules/next/dist/compiled/next-server/app-page.runtime.prod.js:12:88296)
    at /Users/yasin.celenk/userex-ai/node_modules/next/dist/compiled/next-server/app-page.runtime.prod.js:12:98819 {
  code: 'app/no-app',
  customData: { appName: '[DEFAULT]' },
  digest: '1555155357'
}

Error occurred prerendering page "/console/chatbot/chats". Read more: https://nextjs.org/docs/messages/prerender-error

FirebaseError: Firebase: No Firebase App '[DEFAULT]' has been created - call initializeApp() first (app/no-app).
    at Q (/Users/yasin.celenk/userex-ai/.next/server/chunks/4093.js:3:311775)
    at 20902 (/Users/yasin.celenk/userex-ai/.next/server/chunks/5392.js:1:25783)
    at t (/Users/yasin.celenk/userex-ai/.next/server/webpack-runtime.js:1:143)
    at 96974 (/Users/yasin.celenk/userex-ai/.next/server/chunks/6974.js:1:864)
    at t (/Users/yasin.celenk/userex-ai/.next/server/webpack-runtime.js:1:143)
    at 76825 (/Users/yasin.celenk/userex-ai/.next/server/app/console/chatbot/chats/page.js:1:2918)
    at Object.t [as require] (/Users/yasin.celenk/userex-ai/.next/server/webpack-runtime.js:1:143)
    at require (/Users/yasin.celenk/userex-ai/node_modules/next/dist/compiled/next-server/app-page.runtime.prod.js:16:18839)
    at i (/Users/yasin.celenk/userex-ai/node_modules/next/dist/compiled/next-server/app-page.runtime.prod.js:12:88296)
    at /Users/yasin.celenk/userex-ai/node_modules/next/dist/compiled/next-server/app-page.runtime.prod.js:12:98819
V [FirebaseError]: Firebase: No Firebase App '[DEFAULT]' has been created - call initializeApp() first (app/no-app).
    at Q (/Users/yasin.celenk/userex-ai/.next/server/chunks/4093.js:3:311775)
    at 20902 (/Users/yasin.celenk/userex-ai/.next/server/chunks/5392.js:1:25783)
    at t (/Users/yasin.celenk/userex-ai/.next/server/webpack-runtime.js:1:143)
    at 10732 (/Users/yasin.celenk/userex-ai/.next/server/chunks/5392.js:1:24837)
    at t (/Users/yasin.celenk/userex-ai/.next/server/webpack-runtime.js:1:143)
    at 3161 (/Users/yasin.celenk/userex-ai/.next/server/app/dashboard/tenants/page.js:1:3050)
    at Object.t [as require] (/Users/yasin.celenk/userex-ai/.next/server/webpack-runtime.js:1:143)
    at require (/Users/yasin.celenk/userex-ai/node_modules/next/dist/compiled/next-server/app-page.runtime.prod.js:16:18839)
    at i (/Users/yasin.celenk/userex-ai/node_modules/next/dist/compiled/next-server/app-page.runtime.prod.js:12:88296)
    at /Users/yasin.celenk/userex-ai/node_modules/next/dist/compiled/next-server/app-page.runtime.prod.js:12:98819 {
  code: 'app/no-app',
  customData: { appName: '[DEFAULT]' },
  digest: '3351232'
}

Error occurred prerendering page "/dashboard/tenants". Read more: https://nextjs.org/docs/messages/prerender-error

FirebaseError: Firebase: No Firebase App '[DEFAULT]' has been created - call initializeApp() first (app/no-app).
    at Q (/Users/yasin.celenk/userex-ai/.next/server/chunks/4093.js:3:311775)
    at 20902 (/Users/yasin.celenk/userex-ai/.next/server/chunks/5392.js:1:25783)
    at t (/Users/yasin.celenk/userex-ai/.next/server/webpack-runtime.js:1:143)
    at 10732 (/Users/yasin.celenk/userex-ai/.next/server/chunks/5392.js:1:24837)
    at t (/Users/yasin.celenk/userex-ai/.next/server/webpack-runtime.js:1:143)
    at 3161 (/Users/yasin.celenk/userex-ai/.next/server/app/dashboard/tenants/page.js:1:3050)
    at Object.t [as require] (/Users/yasin.celenk/userex-ai/.next/server/webpack-runtime.js:1:143)
    at require (/Users/yasin.celenk/userex-ai/node_modules/next/dist/compiled/next-server/app-page.runtime.prod.js:16:18839)
    at i (/Users/yasin.celenk/userex-ai/node_modules/next/dist/compiled/next-server/app-page.runtime.prod.js:12:88296)
    at /Users/yasin.celenk/userex-ai/node_modules/next/dist/compiled/next-server/app-page.runtime.prod.js:12:98819
   Generating static pages (63/84) 
V [FirebaseError]: Firebase: No Firebase App '[DEFAULT]' has been created - call initializeApp() first (app/no-app).
    at Q (/Users/yasin.celenk/userex-ai/.next/server/chunks/4093.js:3:311775)
    at 20902 (/Users/yasin.celenk/userex-ai/.next/server/chunks/2954.js:1:5764)
    at t (/Users/yasin.celenk/userex-ai/.next/server/webpack-runtime.js:1:143)
    at 10732 (/Users/yasin.celenk/userex-ai/.next/server/chunks/2954.js:1:4952)
    at t (/Users/yasin.celenk/userex-ai/.next/server/webpack-runtime.js:1:143)
    at 42954 (/Users/yasin.celenk/userex-ai/.next/server/chunks/2954.js:1:202)
    at t (/Users/yasin.celenk/userex-ai/.next/server/webpack-runtime.js:1:143)
    at 88339 (/Users/yasin.celenk/userex-ai/.next/server/app/privacy/page.js:1:2679)
    at Object.t [as require] (/Users/yasin.celenk/userex-ai/.next/server/webpack-runtime.js:1:143)
    at require (/Users/yasin.celenk/userex-ai/node_modules/next/dist/compiled/next-server/app-page.runtime.prod.js:16:18839) {
  code: 'app/no-app',
  customData: { appName: '[DEFAULT]' },
  digest: '202471356'
}

Error occurred prerendering page "/privacy". Read more: https://nextjs.org/docs/messages/prerender-error

FirebaseError: Firebase: No Firebase App '[DEFAULT]' has been created - call initializeApp() first (app/no-app).
    at Q (/Users/yasin.celenk/userex-ai/.next/server/chunks/4093.js:3:311775)
    at 20902 (/Users/yasin.celenk/userex-ai/.next/server/chunks/2954.js:1:5764)
    at t (/Users/yasin.celenk/userex-ai/.next/server/webpack-runtime.js:1:143)
    at 10732 (/Users/yasin.celenk/userex-ai/.next/server/chunks/2954.js:1:4952)
    at t (/Users/yasin.celenk/userex-ai/.next/server/webpack-runtime.js:1:143)
    at 42954 (/Users/yasin.celenk/userex-ai/.next/server/chunks/2954.js:1:202)
    at t (/Users/yasin.celenk/userex-ai/.next/server/webpack-runtime.js:1:143)
    at 88339 (/Users/yasin.celenk/userex-ai/.next/server/app/privacy/page.js:1:2679)
    at Object.t [as require] (/Users/yasin.celenk/userex-ai/.next/server/webpack-runtime.js:1:143)
    at require (/Users/yasin.celenk/userex-ai/node_modules/next/dist/compiled/next-server/app-page.runtime.prod.js:16:18839)
V [FirebaseError]: Firebase: No Firebase App '[DEFAULT]' has been created - call initializeApp() first (app/no-app).
    at Q (/Users/yasin.celenk/userex-ai/.next/server/chunks/4093.js:3:311775)
    at 20902 (/Users/yasin.celenk/userex-ai/.next/server/chunks/2954.js:1:5764)
    at t (/Users/yasin.celenk/userex-ai/.next/server/webpack-runtime.js:1:143)
    at 3184 (/Users/yasin.celenk/userex-ai/.next/server/chunks/120.js:1:497)
    at t (/Users/yasin.celenk/userex-ai/.next/server/webpack-runtime.js:1:143)
    at 63115 (/Users/yasin.celenk/userex-ai/.next/server/app/platform/tenants/page.js:1:3511)
    at Object.t [as require] (/Users/yasin.celenk/userex-ai/.next/server/webpack-runtime.js:1:143)
    at require (/Users/yasin.celenk/userex-ai/node_modules/next/dist/compiled/next-server/app-page.runtime.prod.js:16:18839)
    at i (/Users/yasin.celenk/userex-ai/node_modules/next/dist/compiled/next-server/app-page.runtime.prod.js:12:88296)
    at /Users/yasin.celenk/userex-ai/node_modules/next/dist/compiled/next-server/app-page.runtime.prod.js:12:98819 {
  code: 'app/no-app',
  customData: { appName: '[DEFAULT]' },
  digest: '1250989781'
}

Error occurred prerendering page "/platform/tenants". Read more: https://nextjs.org/docs/messages/prerender-error

FirebaseError: Firebase: No Firebase App '[DEFAULT]' has been created - call initializeApp() first (app/no-app).
    at Q (/Users/yasin.celenk/userex-ai/.next/server/chunks/4093.js:3:311775)
    at 20902 (/Users/yasin.celenk/userex-ai/.next/server/chunks/2954.js:1:5764)
    at t (/Users/yasin.celenk/userex-ai/.next/server/webpack-runtime.js:1:143)
    at 3184 (/Users/yasin.celenk/userex-ai/.next/server/chunks/120.js:1:497)
    at t (/Users/yasin.celenk/userex-ai/.next/server/webpack-runtime.js:1:143)
    at 63115 (/Users/yasin.celenk/userex-ai/.next/server/app/platform/tenants/page.js:1:3511)
    at Object.t [as require] (/Users/yasin.celenk/userex-ai/.next/server/webpack-runtime.js:1:143)
    at require (/Users/yasin.celenk/userex-ai/node_modules/next/dist/compiled/next-server/app-page.runtime.prod.js:16:18839)
    at i (/Users/yasin.celenk/userex-ai/node_modules/next/dist/compiled/next-server/app-page.runtime.prod.js:12:88296)
    at /Users/yasin.celenk/userex-ai/node_modules/next/dist/compiled/next-server/app-page.runtime.prod.js:12:98819
 ✓ Generating static pages (84/84)

> Export encountered errors on following paths:
	/console/chatbot/chats/page: /console/chatbot/chats
	/console/copywriter/page: /console/copywriter
	/dashboard/tenants/page: /dashboard/tenants
	/platform/tenants/page: /platform/tenants
	/privacy/page: /privacy
